Traceback (most recent call last):
  File "Simulate_data_1024.py", line 22, in <module>
    cl_f_all = np.ones((SamNum, 3, lbin, Nf, Nf))
NameError: name 'lbin' is not defined
Traceback (most recent call last):
  File "Simulate_data_1024.py", line 77, in <module>
    assert nIQU.shape[0] == 3; 
AssertionError
Traceback (most recent call last):
  File "Simulate_data_1024.py", line 76, in <module>
    assert cmb_map_beamed.shape[0] == 3;
AttributeError: 'list' object has no attribute 'shape'
Traceback (most recent call last):
  File "Simulate_data_1024.py", line 84, in <module>
    total[fre] = (cmb_map_beamed+ fore_map_beamed)[1:]  + nIQU 
ValueError: operands could not be broadcast together with shapes (5,12582912) (2,12582912) 
python: can't open file 'Simulation_data.py': [Errno 2] No such file or directory
Traceback (most recent call last):
  File "Simulate_data_1024.py", line 76, in <module>
    assert cmb_map_beamed.shape == 3;
AssertionError
0
time 6.944382564226786
1
time 6.859386539459228
2
time 6.587664119402567
3
time 6.307764295736948
4
time 6.5358031789461775
5
time 6.427869590123494
6
time 6.682786719004313
7
time 6.8159472107887265
8
time 6.5088058590888975
9
time 6.3570886015892025
10
time 6.391767100493113
11
time 6.369839656352997
12
time 6.31574022769928
13
time 6.611824150880178
14
time 6.719356540838877
15
time 8.47867828210195
16
time 8.151916257540385
17
time 8.379193580150604
18
time 7.193411592642466
19
time 6.6844042301177975
20
time 6.667191783587138
21
time 6.531501309076945
22
time 6.654876764615377
23
time 6.729367578029633
24
time 8.103846959273021
25
time 8.921352863311768
26
time 9.162679183483124
27
time 8.754813373088837
28
time 8.937082584698995
29
time 9.241550425688425
30
time 9.223867956797282
31
time 9.220884076754253
32
time 9.289551520347596
33
time 9.192607160409292
34
time 8.797086191177367
35
time 8.938082659244538
36
time 8.967947626113892
37
time 9.294354116916656
38
time 9.170185959339141
39
time 8.379508765538533
40
time 8.384141528606415
41
time 8.468006559213002
42
time 8.457017254829406
43
time 8.681855456034343
44
time 8.553374620278676
45
time 8.679832009474437
46
time 8.656094646453857
47
time 8.581143327554067
48
time 8.692173747221629
49
time 8.759769197305044
0
time 10.093372249603272
1
time 10.322468066215515
2
time 10.399663710594178
3
time 10.489290952682495
4
time 10.44509128332138
5
time 10.525046769777934
6
time 10.454519991079966
7
time 10.616315762201944
8
time 10.613270072142283
9
time 10.557786850134532
10
time 10.63764810959498
11
time 10.569887844721476
12
time 10.717212998867035
13
time 10.720650279521942
14
time 10.87085014184316
15
time 10.81853634516398
16
time 10.94515069325765
17
time 10.87583786646525
18
time 10.741671590010325
19
time 10.789047352472942
20
time 10.887996915976206
21
time 10.970743624369304
22
time 11.158023754755655
23
time 10.92240525484085
24
time 10.809208265940349
25
time 10.930250676472982
26
time 11.030504882335663
27
time 10.838255353768666
28
time 10.987794617811838
29
time 11.064508465925853
30
time 11.040962982177735
31
time 11.150801678498587
32
time 11.283737544218699
33
time 11.5811985095342
34
time 11.647867345809937
35
time 11.564544447263081
36
time 10.044798894723256
37
time 9.80575600862503
38
time 10.068454702695211
39
time 9.909386205673218
40
time 10.182367845376332
41
time 10.054010057449341
42
time 9.975014599164327
43
time 9.874742762247722
44
time 9.977159440517426
45
time 9.922530142466227
46
time 9.898628902435302
47
time 10.058912420272828
48
time 10.206681648890177
49
time 10.419769461949667
python: can't open file 'Simulation_data.py': [Errno 2] No such file or directory
0
time 17.149313044548034
1
time 14.75963327884674
2
time 13.580371065934498
3
time 13.634942344824474
4
time 13.744507253170013
5
time 13.597165981928507
6
time 14.13760807911555
7
time 13.748660333951314
8
time 13.233735434214275
9
time 13.05803469022115
10
time 13.044556339581808
11
time 12.559778237342835
12
time 10.83690710067749
13
time 10.699201107025146
14
time 9.159898360570272
15
time 10.12365825176239
16
time 10.788701864083608
17
time 11.020463466644287
18
time 11.24902338584264
19
time 11.331324768066406
20
time 11.254743734995523
21
time 11.088521460692087
22
time 11.37931105295817
23
time 11.380327455202739
24
time 11.471884306271871
25
time 11.393487521012624
26
time 11.498106431961059
27
time 11.570876999696095
28
time 11.17549815972646
29
time 11.353863131999969
30
time 11.4876016497612
31
time 12.060911786556243
32
time 22.948046871026357
33
time 17.35736385981242
34
time 15.691662685076396
35
time 16.215719298521677
36
time 15.063530659675598
37
time 13.562335379918416
38
time 13.764533460140228
39
time 14.210840066274008
40
time 13.739117983977
41
time 12.862168010075887
42
time 12.600920422871907
43
time 12.854205485184988
44
time 12.94937041203181
45
time 13.459881897767385
46
time 13.625639295578003
47
time 13.394850862026214
48
time 14.044396301110586
49
time 15.32019460995992
Traceback (most recent call last):
  File "Simulate_data_1024.py", line 94, in <module>
    np.save('/fnx/jianyao/Likelihood_data/Bandpowers/0904_Ali_2fre_with_beam_old_noise_1024/With_beam/Noise_smaller/cl_f_all.npy',cl_f_all)
  File "<__array_function__ internals>", line 6, in save
  File "/home/jianyao/anaconda3/lib/python3.7/site-packages/numpy/lib/npyio.py", line 524, in save
    file_ctx = open(file, "wb")
FileNotFoundError: [Errno 2] No such file or directory: '/fnx/jianyao/Likelihood_data/Bandpowers/0904_Ali_2fre_with_beam_old_noise_1024/With_beam/Noise_smaller/cl_f_all.npy'
0
time 17.264660223325095
1
time 13.01052493651708
2
time 11.886342974503835
3
time 12.274097406864167
4
time 13.092490752538046
5
time 11.773140052954355
6
time 10.22547779083252
7
time 10.400892035166423
8
time 11.842979264259338
9
time 10.477334729830424
10
time 10.563081443309784
11
time 10.214990206559499
12
time 10.676152594884236
13
time 10.189986451466877
14
time 9.800826998551686
15
time 9.735949079195658
16
time 9.901749511559805
17
time 11.522843376795452
18
time 10.438844815889995
19
time 10.126965204874674
20
time 10.482218062877655
21
time 11.220793012777964
22
time 13.155660168329876
23
time 5.865303520361582
24
time 5.628068379561106
25
time 5.569081095854441
26
time 5.492571743329366
27
time 5.330321069558462
28
time 5.345576683680217
29
time 5.3100414156913756
30
time 5.400774721304575
31
time 5.34921719233195
32
time 5.436634226640066
33
time 5.329754984378814
34
time 5.294299256801605
35
time 5.529588576157888
36
time 5.680952040354411
37
time 5.457867391904196
38
time 5.413843969504039
39
time 5.2688214580218
40
time 5.318069497744243
41
time 5.409612023830414
42
time 5.677309354146321
43
time 5.601204037666321
44
time 5.453549563884735
45
time 5.619030066331228
46
time 5.343786625067393
47
time 5.656284248828888
48
time 5.6464775681495665
49
time 5.505737209320069
